<?xml version="1.0" encoding="UTF-8"?><testrun name="runnerFile" project="UIFramework" tests="1" started="1" failures="0" errors="1" ignored="0">
  <testsuite name="com.moneylion.testcases.runnerFile" time="0.001">
    <testcase name="initializationError" classname="com.moneylion.testcases.runnerFile" time="0.001">
      <error>java.lang.IllegalArgumentException: Couldn't create parent directories of 'D:\Automation\DemoWorkspace\UIFramework\target\cucumber-reports\cucumber-html-report\index.html'.
Make sure the the parent directory 'D:\Automation\DemoWorkspace\UIFramework\target\cucumber-reports\cucumber-html-report' isn't a file.

Note: This usually happens when plugins write to colliding paths.
For example: 'html:target/cucumber, json:target/cucumber/report.json'
You can fix this by making the paths do no collide.
For example: 'html:target/cucumber/report.html, json:target/cucumber/report.json'
The details are in the stack trace below:&#13;
	at io.cucumber.core.plugin.PluginFactory.createFileOutputStream(PluginFactory.java:222)&#13;
	at io.cucumber.core.plugin.PluginFactory.openStream(PluginFactory.java:199)&#13;
	at io.cucumber.core.plugin.PluginFactory.convert(PluginFactory.java:166)&#13;
	at io.cucumber.core.plugin.PluginFactory.instantiate(PluginFactory.java:99)&#13;
	at io.cucumber.core.plugin.PluginFactory.create(PluginFactory.java:63)&#13;
	at io.cucumber.core.plugin.Plugins.createPlugins(Plugins.java:32)&#13;
	at io.cucumber.core.plugin.Plugins.&lt;init&gt;(Plugins.java:25)&#13;
	at io.cucumber.junit.Cucumber.&lt;init&gt;(Cucumber.java:162)&#13;
	at sun.reflect.NativeConstructorAccessorImpl.newInstance0(Native Method)&#13;
	at sun.reflect.NativeConstructorAccessorImpl.newInstance(NativeConstructorAccessorImpl.java:62)&#13;
	at sun.reflect.DelegatingConstructorAccessorImpl.newInstance(DelegatingConstructorAccessorImpl.java:45)&#13;
	at java.lang.reflect.Constructor.newInstance(Constructor.java:423)&#13;
	at org.junit.internal.builders.AnnotatedBuilder.buildRunner(AnnotatedBuilder.java:104)&#13;
	at org.junit.internal.builders.AnnotatedBuilder.runnerForClass(AnnotatedBuilder.java:86)&#13;
	at org.junit.runners.model.RunnerBuilder.safeRunnerForClass(RunnerBuilder.java:70)&#13;
	at org.junit.internal.builders.AllDefaultPossibilitiesBuilder.runnerForClass(AllDefaultPossibilitiesBuilder.java:37)&#13;
	at org.junit.runners.model.RunnerBuilder.safeRunnerForClass(RunnerBuilder.java:70)&#13;
	at org.junit.internal.requests.ClassRequest.createRunner(ClassRequest.java:28)&#13;
	at org.junit.internal.requests.MemoizingRequest.getRunner(MemoizingRequest.java:19)&#13;
	at org.eclipse.jdt.internal.junit4.runner.JUnit4TestLoader.createUnfilteredTest(JUnit4TestLoader.java:90)&#13;
	at org.eclipse.jdt.internal.junit4.runner.JUnit4TestLoader.createTest(JUnit4TestLoader.java:76)&#13;
	at org.eclipse.jdt.internal.junit4.runner.JUnit4TestLoader.loadTests(JUnit4TestLoader.java:49)&#13;
	at org.eclipse.jdt.internal.junit.runner.RemoteTestRunner.runTests(RemoteTestRunner.java:526)&#13;
	at org.eclipse.jdt.internal.junit.runner.RemoteTestRunner.runTests(RemoteTestRunner.java:770)&#13;
	at org.eclipse.jdt.internal.junit.runner.RemoteTestRunner.run(RemoteTestRunner.java:464)&#13;
	at org.eclipse.jdt.internal.junit.runner.RemoteTestRunner.main(RemoteTestRunner.java:210)&#13;
Caused by: java.nio.file.FileAlreadyExistsException: D:\Automation\DemoWorkspace\UIFramework\target\cucumber-reports\cucumber-html-report&#13;
	at sun.nio.fs.WindowsException.translateToIOException(WindowsException.java:81)&#13;
	at sun.nio.fs.WindowsException.rethrowAsIOException(WindowsException.java:97)&#13;
	at sun.nio.fs.WindowsException.rethrowAsIOException(WindowsException.java:102)&#13;
	at sun.nio.fs.WindowsFileSystemProvider.createDirectory(WindowsFileSystemProvider.java:504)&#13;
	at java.nio.file.Files.createDirectory(Files.java:674)&#13;
	at java.nio.file.Files.createAndCheckIsDirectory(Files.java:781)&#13;
	at java.nio.file.Files.createDirectories(Files.java:727)&#13;
	at io.cucumber.core.plugin.PluginFactory.createFileOutputStream(PluginFactory.java:218)&#13;
	... 25 more&#13;
&#13;
</error>
    </testcase>
  </testsuite>
</testrun>
